2023-11-29 23:47:09,347 [INFO] Activator:176 - 


2023-11-29 23:47:09,349 [INFO] Activator:177 - !SESSION log4j initialized
2023-11-29 23:47:12,369 [INFO] LogOutputStream:77 - [STDOUT_REDIRECT] 
2023-11-29 23:47:14,305 [INFO] ApplicationProperties:184 - Using Application install path: C:\Program Files (x86)\STM32CubeIDE_1.13.1\STM32CubeIDE\plugins\com.st.stm32cube.common.mx_6.9.1.202307191849
2023-11-29 23:47:14,327 [INFO] DbMcusXml:78 - Set database path to: C:\Program Files (x86)\STM32CubeIDE_1.13.1\STM32CubeIDE\plugins\com.st.stm32cube.common.mx_6.9.1.202307191849\\db\/mcu/
2023-11-29 23:47:14,328 [INFO] ApiDb:274 - Set plugin database path to: C:\Program Files (x86)\STM32CubeIDE_1.13.1\STM32CubeIDE\plugins\com.st.stm32cube.common.mx_6.9.1.202307191849\\db\/plugins/boardmanager/
2023-11-29 23:47:14,328 [WARN] ApiDb:259 - Overriding images path with different value:  => C:\Program Files (x86)\STM32CubeIDE_1.13.1\STM32CubeIDE\plugins\com.st.stm32cube.common.mx_6.9.1.202307191849\\db\/plugins/mcufinder/images/
2023-11-29 23:47:14,339 [INFO] ApiDb:250 - Set database path to: C:\Users\DELL\.stmcufinder\plugins\mcufinder//mcu/
2023-11-29 23:47:14,340 [INFO] DbMcusAds:125 - Set database path to: C:\Users\DELL\.stmcufinder\plugins\mcufinder//mcu/
2023-11-29 23:47:14,341 [INFO] CrossReferenceDbSqlite:203 - Set database path to: C:\Users\DELL\.stmcufinder\plugins\mcufinder//mcu/cs/
2023-11-29 23:47:14,452 [INFO] RulesReader:64 - Compatibility file has been processed (293 Rules)
2023-11-29 23:47:14,543 [INFO] DbMcusXml:78 - Set database path to: C:\Program Files (x86)\STM32CubeIDE_1.13.1\STM32CubeIDE\plugins\com.st.stm32cube.common.mx_6.9.1.202307191849\\db\/mcu/
2023-11-29 23:47:14,543 [INFO] ApiDb:274 - Set plugin database path to: C:\Program Files (x86)\STM32CubeIDE_1.13.1\STM32CubeIDE\plugins\com.st.stm32cube.common.mx_6.9.1.202307191849\\db\/plugins/boardmanager/
2023-11-29 23:47:14,543 [INFO] ApiDb:261 - Set plugin images path to: C:\Program Files (x86)\STM32CubeIDE_1.13.1\STM32CubeIDE\plugins\com.st.stm32cube.common.mx_6.9.1.202307191849\\db\/plugins/mcufinder/images/
2023-11-29 23:47:14,544 [WARN] DbFile:41 - Overriding database path with different value: C:\Users\DELL\.stmcufinder\plugins\mcufinder/ => C:\Users\DELL\.stmcufinder\plugins\mcufinder
2023-11-29 23:47:14,544 [INFO] ApiDb:250 - Set database path to: C:\Users\DELL\.stmcufinder\plugins\mcufinder//mcu/
2023-11-29 23:47:14,544 [WARN] DbFile:41 - Overriding database path with different value: C:\Users\DELL\.stmcufinder\plugins\mcufinder/ => C:\Users\DELL\.stmcufinder\plugins\mcufinder
2023-11-29 23:47:14,544 [INFO] DbMcusAds:125 - Set database path to: C:\Users\DELL\.stmcufinder\plugins\mcufinder//mcu/
2023-11-29 23:47:14,544 [WARN] DbFile:41 - Overriding database path with different value: C:\Users\DELL\.stmcufinder\plugins\mcufinder/ => C:\Users\DELL\.stmcufinder\plugins\mcufinder
2023-11-29 23:47:14,544 [WARN] DbFile:41 - Overriding database path with different value: C:\Users\DELL\.stmcufinder\plugins\mcufinder/ => C:\Users\DELL\.stmcufinder\plugins\mcufinder
2023-11-29 23:47:14,544 [INFO] CrossReferenceDbSqlite:203 - Set database path to: C:\Users\DELL\.stmcufinder\plugins\mcufinder//mcu/cs/
2023-11-29 23:47:14,628 [INFO] MainPanel:262 - HeapMemory: 268435456
2023-11-29 23:47:14,739 [INFO] DbMcusXml:78 - Set database path to: C:\Program Files (x86)\STM32CubeIDE_1.13.1\STM32CubeIDE\plugins\com.st.stm32cube.common.mx_6.9.1.202307191849\\db\/mcu/
2023-11-29 23:47:14,739 [INFO] ApiDb:274 - Set plugin database path to: C:\Program Files (x86)\STM32CubeIDE_1.13.1\STM32CubeIDE\plugins\com.st.stm32cube.common.mx_6.9.1.202307191849\\db\/plugins/boardmanager/
2023-11-29 23:47:14,739 [INFO] ApiDb:261 - Set plugin images path to: C:\Program Files (x86)\STM32CubeIDE_1.13.1\STM32CubeIDE\plugins\com.st.stm32cube.common.mx_6.9.1.202307191849\\db\/plugins/mcufinder/images/
2023-11-29 23:47:14,740 [WARN] DbFile:41 - Overriding database path with different value: C:\Users\DELL\.stmcufinder\plugins\mcufinder/ => C:\Users\DELL\.stmcufinder\plugins\mcufinder
2023-11-29 23:47:14,740 [INFO] ApiDb:250 - Set database path to: C:\Users\DELL\.stmcufinder\plugins\mcufinder//mcu/
2023-11-29 23:47:14,740 [WARN] DbFile:41 - Overriding database path with different value: C:\Users\DELL\.stmcufinder\plugins\mcufinder/ => C:\Users\DELL\.stmcufinder\plugins\mcufinder
2023-11-29 23:47:14,740 [INFO] DbMcusAds:125 - Set database path to: C:\Users\DELL\.stmcufinder\plugins\mcufinder//mcu/
2023-11-29 23:47:14,740 [WARN] DbFile:41 - Overriding database path with different value: C:\Users\DELL\.stmcufinder\plugins\mcufinder/ => C:\Users\DELL\.stmcufinder\plugins\mcufinder
2023-11-29 23:47:14,740 [WARN] DbFile:41 - Overriding database path with different value: C:\Users\DELL\.stmcufinder\plugins\mcufinder/ => C:\Users\DELL\.stmcufinder\plugins\mcufinder
2023-11-29 23:47:14,740 [INFO] CrossReferenceDbSqlite:203 - Set database path to: C:\Users\DELL\.stmcufinder\plugins\mcufinder//mcu/cs/
2023-11-29 23:47:14,761 [INFO] ApplicationProperties:184 - Using Application install path: C:\Program Files (x86)\STM32CubeIDE_1.13.1\STM32CubeIDE\plugins\com.st.stm32cube.common.mx_6.9.1.202307191849
2023-11-29 23:47:14,763 [INFO] PluginManage:196 - Search for loadable plugins [exclusion list=, ]
2023-11-29 23:47:14,764 [INFO] PluginManage:310 - Check plugin analytics
2023-11-29 23:47:14,939 [INFO] AnalyticsPlugin:253 - Accepted Software Licenses: 
2023-11-29 23:47:14,940 [INFO] AnalyticsPlugin:255 - Accepted CMSIS Pack Licenses: 
2023-11-29 23:47:14,940 [INFO] AnalyticsPlugin:257 - Accepted Firmware Licenses: 
2023-11-29 23:47:14,943 [INFO] PluginManage:359 - Loaded plugin analytics (category:tool,tabindex:-1)
2023-11-29 23:47:14,944 [INFO] PluginManage:310 - Check plugin cadmodel
2023-11-29 23:47:14,951 [INFO] CADModel:105 - Init CAD model plugin
2023-11-29 23:47:14,951 [INFO] PluginManage:359 - Loaded plugin cadmodel (category:power,tabindex:5)
2023-11-29 23:47:14,952 [INFO] PluginManage:310 - Check plugin clock
2023-11-29 23:47:14,964 [INFO] PluginManage:359 - Loaded plugin clock (category:base,tabindex:2)
2023-11-29 23:47:14,965 [INFO] PluginManage:310 - Check plugin ddr
2023-11-29 23:47:14,968 [INFO] PluginManage:359 - Loaded plugin ddr (category:tool,tabindex:6)
2023-11-29 23:47:14,968 [INFO] PluginManage:310 - Check plugin filemanager
2023-11-29 23:47:15,136 [INFO] PluginManage:359 - Loaded plugin filemanager (category:base,tabindex:10)
2023-11-29 23:47:15,136 [INFO] PluginManage:310 - Check plugin ipmanager
2023-11-29 23:47:15,147 [INFO] PluginManage:359 - Loaded plugin ipmanager (category:base,tabindex:5)
2023-11-29 23:47:15,147 [INFO] PluginManage:310 - Check plugin lpbam
2023-11-29 23:47:15,159 [INFO] PluginManage:359 - Loaded plugin lpbam (category:base,tabindex:0)
2023-11-29 23:47:15,159 [INFO] PluginManage:310 - Check plugin memorymap
2023-11-29 23:47:15,180 [INFO] PluginManage:359 - Loaded plugin memorymap (category:base,tabindex:4)
2023-11-29 23:47:15,180 [INFO] PluginManage:310 - Check plugin pinoutandconfiguration
2023-11-29 23:47:15,193 [INFO] PluginManage:359 - Loaded plugin pinoutandconfiguration (category:base,tabindex:1)
2023-11-29 23:47:15,193 [INFO] PluginManage:310 - Check plugin pinoutconfig
2023-11-29 23:47:15,309 [WARN] SupportedApi:132 - Cannot load RTOS API schema: s4s-elt-must-match.1: The content of 'definitions' must match (annotation?, (simpleType | complexType)?, (unique | key | keyref)*)). A problem was found starting at: attribute.
2023-11-29 23:47:15,477 [INFO] PluginManage:359 - Loaded plugin pinoutconfig (category:base,tabindex:0)
2023-11-29 23:47:15,477 [INFO] PluginManage:310 - Check plugin power
2023-11-29 23:47:15,492 [INFO] PluginManage:359 - Loaded plugin power (category:power,tabindex:4)
2023-11-29 23:47:15,492 [INFO] PluginManage:310 - Check plugin projectmanager
2023-11-29 23:47:15,507 [INFO] PluginManage:359 - Loaded plugin projectmanager (category:projectmanager,tabindex:3)
2023-11-29 23:47:15,508 [INFO] PluginManage:310 - Check plugin thirdparty
2023-11-29 23:47:15,651 [INFO] PluginManage:359 - Loaded plugin thirdparty (category:base,tabindex:-1)
2023-11-29 23:47:15,651 [WARN] IntegrityCheckThread:84 - waiting for thirdparty lock release [integrity check]
2023-11-29 23:47:15,651 [INFO] IntegrityCheckThread:86 - entering critical section [integrity check]
2023-11-29 23:47:15,651 [INFO] PluginManage:310 - Check plugin tools
2023-11-29 23:47:15,652 [INFO] ThirdPartyUpdaterWithRetryManager:70 - Updater plugin not ready yet. [1/15]
2023-11-29 23:47:15,655 [INFO] PluginManage:359 - Loaded plugin tools (category:base,tabindex:7)
2023-11-29 23:47:15,655 [INFO] PluginManage:310 - Check plugin tutovideos
2023-11-29 23:47:15,830 [INFO] PluginManage:359 - Loaded plugin tutovideos (category:base,tabindex:-1)
2023-11-29 23:47:15,830 [INFO] PluginManage:310 - Check plugin updater
2023-11-29 23:47:15,845 [INFO] PluginManage:359 - Loaded plugin updater (category:base,tabindex:12)
2023-11-29 23:47:15,845 [INFO] PluginManage:310 - Check plugin userauth
2023-11-29 23:47:15,850 [INFO] UserAuth:113 - Init User Auth plugin
2023-11-29 23:47:15,850 [INFO] PluginManage:359 - Loaded plugin userauth (category:base,tabindex:14)
2023-11-29 23:47:15,851 [INFO] PluginManage:283 - PluginManage : Loaded plugins [17]
2023-11-29 23:47:16,074 [INFO] PinOutPanel:1499 - setPackage(No Configuration,No Configuration)
2023-11-29 23:47:16,189 [INFO] CADModel:165 - CPN selected for project level
2023-11-29 23:47:16,189 [INFO] CADModel:114 - Register for checkConnection events
2023-11-29 23:47:16,206 [INFO] IPUIPlugin:80 - create IPUIPlugin
2023-11-29 23:47:16,206 [INFO] PluginManager:220 - loadIPPluginJar : add adc
2023-11-29 23:47:16,208 [INFO] IPUIPlugin:80 - create IPUIPlugin
2023-11-29 23:47:16,208 [INFO] PluginManager:220 - loadIPPluginJar : add aes
2023-11-29 23:47:16,212 [INFO] IPUIPlugin:80 - create IPUIPlugin
2023-11-29 23:47:16,212 [INFO] PluginManager:220 - loadIPPluginJar : add can
2023-11-29 23:47:16,213 [INFO] IPUIPlugin:80 - create IPUIPlugin
2023-11-29 23:47:16,213 [INFO] PluginManager:220 - loadIPPluginJar : add comp
2023-11-29 23:47:16,216 [INFO] IPUIPlugin:80 - create IPUIPlugin
2023-11-29 23:47:16,216 [INFO] PluginManager:220 - loadIPPluginJar : add cryp
2023-11-29 23:47:16,219 [INFO] IPUIPlugin:80 - create IPUIPlugin
2023-11-29 23:47:16,219 [INFO] PluginManager:220 - loadIPPluginJar : add dfsdm
2023-11-29 23:47:16,224 [INFO] IPUIPlugin:80 - create IPUIPlugin
2023-11-29 23:47:16,224 [INFO] PluginManager:220 - loadIPPluginJar : add dma
2023-11-29 23:47:16,227 [INFO] IPUIPlugin:80 - create IPUIPlugin
2023-11-29 23:47:16,227 [INFO] PluginManager:220 - loadIPPluginJar : add dma3
2023-11-29 23:47:16,229 [INFO] IPUIPlugin:80 - create IPUIPlugin
2023-11-29 23:47:16,229 [INFO] PluginManager:220 - loadIPPluginJar : add fatfs
2023-11-29 23:47:16,233 [INFO] IPUIPlugin:80 - create IPUIPlugin
2023-11-29 23:47:16,233 [INFO] PluginManager:220 - loadIPPluginJar : add fmc
2023-11-29 23:47:16,239 [INFO] IPUIPlugin:80 - create IPUIPlugin
2023-11-29 23:47:16,239 [INFO] PluginManager:220 - loadIPPluginJar : add freertos
2023-11-29 23:47:16,241 [INFO] IPUIPlugin:80 - create IPUIPlugin
2023-11-29 23:47:16,241 [INFO] PluginManager:220 - loadIPPluginJar : add genericplugin
2023-11-29 23:47:16,244 [INFO] IPUIPlugin:80 - create IPUIPlugin
2023-11-29 23:47:16,244 [INFO] PluginManager:220 - loadIPPluginJar : add gfxmmu
2023-11-29 23:47:16,250 [INFO] IPUIPlugin:80 - create IPUIPlugin
2023-11-29 23:47:16,251 [INFO] PluginManager:220 - loadIPPluginJar : add gic
2023-11-29 23:47:16,255 [INFO] IPUIPlugin:80 - create IPUIPlugin
2023-11-29 23:47:16,255 [INFO] PluginManager:220 - loadIPPluginJar : add gpio
2023-11-29 23:47:16,258 [INFO] IPUIPlugin:80 - create IPUIPlugin
2023-11-29 23:47:16,258 [INFO] PluginManager:220 - loadIPPluginJar : add gtzc
2023-11-29 23:47:16,260 [INFO] IPUIPlugin:80 - create IPUIPlugin
2023-11-29 23:47:16,260 [INFO] PluginManager:220 - loadIPPluginJar : add hash
2023-11-29 23:47:16,264 [INFO] IPUIPlugin:80 - create IPUIPlugin
2023-11-29 23:47:16,264 [INFO] PluginManager:220 - loadIPPluginJar : add i2c
2023-11-29 23:47:16,266 [INFO] IPUIPlugin:80 - create IPUIPlugin
2023-11-29 23:47:16,266 [INFO] PluginManager:220 - loadIPPluginJar : add i2s
2023-11-29 23:47:16,269 [INFO] IPUIPlugin:80 - create IPUIPlugin
2023-11-29 23:47:16,269 [INFO] PluginManager:220 - loadIPPluginJar : add i3c
2023-11-29 23:47:16,273 [INFO] IPUIPlugin:80 - create IPUIPlugin
2023-11-29 23:47:16,273 [INFO] PluginManager:220 - loadIPPluginJar : add ipddr
2023-11-29 23:47:16,281 [INFO] IPUIPlugin:80 - create IPUIPlugin
2023-11-29 23:47:16,281 [INFO] PluginManager:220 - loadIPPluginJar : add linkedlist
2023-11-29 23:47:16,283 [INFO] IPUIPlugin:80 - create IPUIPlugin
2023-11-29 23:47:16,283 [INFO] PluginManager:220 - loadIPPluginJar : add lorawan
2023-11-29 23:47:16,285 [INFO] IPUIPlugin:80 - create IPUIPlugin
2023-11-29 23:47:16,285 [INFO] PluginManager:220 - loadIPPluginJar : add ltdc
2023-11-29 23:47:16,291 [INFO] IPUIPlugin:80 - create IPUIPlugin
2023-11-29 23:47:16,291 [INFO] PluginManager:220 - loadIPPluginJar : add mdma
2023-11-29 23:47:16,295 [INFO] IPUIPlugin:80 - create IPUIPlugin
2023-11-29 23:47:16,295 [INFO] PluginManager:220 - loadIPPluginJar : add nvic
2023-11-29 23:47:16,298 [INFO] IPUIPlugin:80 - create IPUIPlugin
2023-11-29 23:47:16,298 [INFO] PluginManager:220 - loadIPPluginJar : add opamp
2023-11-29 23:47:16,300 [INFO] IPUIPlugin:80 - create IPUIPlugin
2023-11-29 23:47:16,301 [INFO] PluginManager:220 - loadIPPluginJar : add openamp
2023-11-29 23:47:16,303 [INFO] IPUIPlugin:80 - create IPUIPlugin
2023-11-29 23:47:16,303 [INFO] PluginManager:220 - loadIPPluginJar : add pdm2pcm
2023-11-29 23:47:16,311 [INFO] IPUIPlugin:80 - create IPUIPlugin
2023-11-29 23:47:16,314 [INFO] PluginManager:220 - loadIPPluginJar : add plateformsettings
2023-11-29 23:47:16,315 [INFO] IPUIPlugin:80 - create IPUIPlugin
2023-11-29 23:47:16,315 [INFO] PluginManager:220 - loadIPPluginJar : add quadspi
2023-11-29 23:47:16,321 [INFO] IPUIPlugin:80 - create IPUIPlugin
2023-11-29 23:47:16,321 [INFO] PluginManager:220 - loadIPPluginJar : add resmgrutility
2023-11-29 23:47:16,324 [INFO] IPUIPlugin:80 - create IPUIPlugin
2023-11-29 23:47:16,324 [INFO] PluginManager:220 - loadIPPluginJar : add sai
2023-11-29 23:47:16,326 [INFO] IPUIPlugin:80 - create IPUIPlugin
2023-11-29 23:47:16,327 [INFO] PluginManager:220 - loadIPPluginJar : add spi
2023-11-29 23:47:16,331 [INFO] IPUIPlugin:80 - create IPUIPlugin
2023-11-29 23:47:16,331 [INFO] PluginManager:220 - loadIPPluginJar : add stm32_wpan
2023-11-29 23:47:16,333 [INFO] IPUIPlugin:80 - create IPUIPlugin
2023-11-29 23:47:16,333 [INFO] PluginManager:220 - loadIPPluginJar : add tim
2023-11-29 23:47:16,336 [INFO] IPUIPlugin:80 - create IPUIPlugin
2023-11-29 23:47:16,336 [INFO] PluginManager:220 - loadIPPluginJar : add touchsensing
2023-11-29 23:47:16,339 [INFO] IPUIPlugin:80 - create IPUIPlugin
2023-11-29 23:47:16,339 [INFO] PluginManager:220 - loadIPPluginJar : add tracer_emb
2023-11-29 23:47:16,342 [INFO] IPUIPlugin:80 - create IPUIPlugin
2023-11-29 23:47:16,342 [INFO] PluginManager:220 - loadIPPluginJar : add ts
2023-11-29 23:47:16,344 [INFO] IPUIPlugin:80 - create IPUIPlugin
2023-11-29 23:47:16,344 [INFO] PluginManager:220 - loadIPPluginJar : add tsc
2023-11-29 23:47:16,346 [INFO] IPUIPlugin:80 - create IPUIPlugin
2023-11-29 23:47:16,346 [INFO] PluginManager:220 - loadIPPluginJar : add ucpd
2023-11-29 23:47:16,348 [INFO] IPUIPlugin:80 - create IPUIPlugin
2023-11-29 23:47:16,348 [INFO] PluginManager:220 - loadIPPluginJar : add usart
2023-11-29 23:47:16,351 [INFO] IPUIPlugin:80 - create IPUIPlugin
2023-11-29 23:47:16,351 [INFO] PluginManager:220 - loadIPPluginJar : add usbx
2023-11-29 23:47:16,473 [INFO] CADModel:165 - CPN selected for project level
2023-11-29 23:47:16,474 [INFO] CADModel:114 - Register for checkConnection events
2023-11-29 23:47:16,474 [FATAL] Updater:308 - Updater called before beeing initialized
2023-11-29 23:47:16,474 [ERROR] CADModel:125 - Updater not yet initialized, retry later 
2023-11-29 23:47:16,622 [INFO] CADModel:165 - CPN selected for project level
2023-11-29 23:47:16,622 [INFO] CADModel:114 - Register for checkConnection events
2023-11-29 23:47:16,622 [FATAL] Updater:308 - Updater called before beeing initialized
2023-11-29 23:47:16,622 [ERROR] CADModel:125 - Updater not yet initialized, retry later 
2023-11-29 23:47:16,626 [FATAL] Updater:308 - Updater called before beeing initialized
2023-11-29 23:47:16,721 [FATAL] Updater:308 - Updater called before beeing initialized
2023-11-29 23:47:16,727 [INFO] DbMcusAds:53 - JSON generation date=Tue Mar 07 15:50:55 ICT 2023 (1678179055114)
2023-11-29 23:47:16,727 [FATAL] Updater:308 - Updater called before beeing initialized
2023-11-29 23:47:16,771 [WARN] DetailPanel:346 - Failed to get advertising image, set to default
2023-11-29 23:47:16,858 [FATAL] Updater:308 - Updater called before beeing initialized
2023-11-29 23:47:16,861 [FATAL] Updater:308 - Updater called before beeing initialized
2023-11-29 23:47:16,861 [FATAL] Updater:308 - Updater called before beeing initialized
2023-11-29 23:47:16,861 [WARN] DetailPanel:346 - Failed to get advertising image, set to default
2023-11-29 23:47:16,862 [FATAL] Updater:308 - Updater called before beeing initialized
2023-11-29 23:47:16,905 [ERROR] Updater:1120 - MainUpdater not yet initialized. External WinMGr cannot be set.
2023-11-29 23:47:16,908 [INFO] Updater:1056 - Updater Version found : 6.9.1
2023-11-29 23:47:16,927 [INFO] ApplicationProperties:184 - Using Application install path: C:\Program Files (x86)\STM32CubeIDE_1.13.1\STM32CubeIDE\plugins\com.st.stm32cube.common.mx_6.9.1.202307191849
2023-11-29 23:47:17,773 [INFO] MainUpdater:2868 - connection check result : 10
2023-11-29 23:47:17,774 [INFO] MainUpdater:285 - Updater Check For Update Now.
2023-11-29 23:47:17,774 [INFO] MicroXplorer:498 - Change Database Version : DB.6.0.91
2023-11-29 23:47:17,784 [INFO] McuFinderGlobals:63 - Set McuFinder mode to 2 (CubeIDE integrated)
2023-11-29 23:47:17,981 [INFO] CheckServerUpdateThread:120 - End of CheckServer Thread
2023-11-29 23:47:18,838 [WARN] PackLoader:240 - Cannot read IP mode file for STMicroelectronics.X-CUBE-SMBUS.2.1.0
2023-11-29 23:47:18,869 [WARN] PackLoader:240 - Cannot read IP mode file for STMicroelectronics.X-CUBE-AZRTOS-F7.1.1.0
2023-11-29 23:47:18,880 [WARN] PackLoader:240 - Cannot read IP mode file for STMicroelectronics.FP-SNS-MOTENV1.4.3.2
2023-11-29 23:47:18,888 [WARN] PackLoader:240 - Cannot read IP mode file for STMicroelectronics.FP-SNS-FLIGHT1.5.0.2
2023-11-29 23:47:18,897 [WARN] PackLoader:240 - Cannot read IP mode file for STMicroelectronics.X-CUBE-DISPLAY.3.0.0
2023-11-29 23:47:18,913 [WARN] PackLoader:240 - Cannot read IP mode file for STMicroelectronics.X-CUBE-BLE1.7.0.0
2023-11-29 23:47:18,919 [WARN] PackLoader:240 - Cannot read IP mode file for emotas.I-CUBE-CANOPEN.1.3.0
2023-11-29 23:47:18,925 [WARN] PackLoader:240 - Cannot read IP mode file for STMicroelectronics.X-CUBE-TOUCHGFX.4.22.0
2023-11-29 23:47:18,928 [WARN] PackLoader:240 - Cannot read IP mode file for STMicroelectronics.X-CUBE-TOUCHGFX.4.22.1
2023-11-29 23:47:18,934 [WARN] PackLoader:240 - Cannot read IP mode file for STMicroelectronics.FP-SNS-SMARTAG2.1.2.0
2023-11-29 23:47:18,946 [INFO] LogOutputStream:77 - [STDOUT_REDIRECT] 1 : Invalid condition id : UX_CORESTACK_Condition cause : null
2023-11-29 23:47:18,946 [INFO] LogOutputStream:77 - [STDOUT_REDIRECT] 1 : Invalid condition id : UX_CORESTACK_Condition cause : null
2023-11-29 23:47:18,947 [INFO] LogOutputStream:77 - [STDOUT_REDIRECT] 1 : Invalid condition id : UX_CORESTACK_Condition cause : null
2023-11-29 23:47:18,948 [INFO] LogOutputStream:77 - [STDOUT_REDIRECT] 1 : Invalid condition id : UX_CORESTACK_Condition cause : null
2023-11-29 23:47:18,948 [INFO] LogOutputStream:77 - [STDOUT_REDIRECT] 1 : Invalid condition id : UX_CORESTACK_Condition cause : null
2023-11-29 23:47:18,953 [WARN] PackLoader:240 - Cannot read IP mode file for STMicroelectronics.X-CUBE-AZRTOS-WL.2.0.0
2023-11-29 23:47:18,962 [WARN] PackLoader:240 - Cannot read IP mode file for WES.I-CUBE-Cesium.1.3.0
2023-11-29 23:47:18,967 [WARN] PackLoader:240 - Cannot read IP mode file for STMicroelectronics.X-CUBE-BLE2.3.3.0
2023-11-29 23:47:18,976 [WARN] PackLoader:240 - Cannot read IP mode file for STMicroelectronics.X-CUBE-ALGOBUILD.1.3.0
2023-11-29 23:47:19,000 [WARN] PackLoader:240 - Cannot read IP mode file for STMicroelectronics.X-CUBE-AZRTOS-G0.1.1.0
2023-11-29 23:47:19,011 [WARN] PackLoader:240 - Cannot read IP mode file for STMicroelectronics.X-CUBE-NFC4.3.0.0
2023-11-29 23:47:19,025 [WARN] PackLoader:240 - Cannot read IP mode file for STMicroelectronics.X-CUBE-BLEMGR.3.0.0
2023-11-29 23:47:19,033 [WARN] PackLoader:240 - Cannot read IP mode file for STMicroelectronics.FP-ATR-SIGFOX1.3.2.0
2023-11-29 23:47:19,087 [WARN] PackLoader:240 - Cannot read IP mode file for SEGGER.I-CUBE-embOS.1.3.1
2023-11-29 23:47:19,124 [WARN] PackLoader:240 - Cannot read IP mode file for STMicroelectronics.X-CUBE-GNSS1.6.0.0
2023-11-29 23:47:19,145 [WARN] PackLoader:240 - Cannot read IP mode file for STMicroelectronics.X-CUBE-AZRTOS-F4.1.1.0
2023-11-29 23:47:19,158 [WARN] PackLoader:240 - Cannot read IP mode file for wolfSSL.I-CUBE-wolfSSL.5.6.3
2023-11-29 23:47:19,184 [WARN] PackLoader:240 - Cannot read IP mode file for STMicroelectronics.X-CUBE-AZRTOS-L5.2.0.0
2023-11-29 23:47:19,264 [WARN] PackLoader:240 - Cannot read IP mode file for STMicroelectronics.X-CUBE-MEMS1.9.6.0
2023-11-29 23:47:19,437 [WARN] PackLoader:240 - Cannot read IP mode file for STMicroelectronics.X-CUBE-EEPRMA1.4.2.0
2023-11-29 23:47:19,444 [WARN] PackLoader:240 - Cannot read IP mode file for ITTIA_DB.I-CUBE-ITTIADB.8.8.0
2023-11-29 23:47:19,451 [WARN] PackLoader:240 - Cannot read IP mode file for STMicroelectronics.X-CUBE-BLEMGR.2.0.0
2023-11-29 23:47:19,470 [WARN] ConditionMgr:438 - getConditionDescription Invalid condition id : UX DEVICE CLASS RTOS Condition cause : null
2023-11-29 23:47:19,471 [WARN] ConditionMgr:438 - getConditionDescription Invalid condition id : UX DEVICE CLASS RTOS Condition cause : null
2023-11-29 23:47:19,475 [WARN] PackLoader:240 - Cannot read IP mode file for STMicroelectronics.X-CUBE-AZRTOS-H7.3.1.0
2023-11-29 23:47:19,476 [WARN] ConditionMgr:1039 - genDependencies : Invalid condition id : UX DEVICE CLASS RTOS Condition cause : null
2023-11-29 23:47:19,477 [WARN] ConditionMgr:1039 - genDependencies : Invalid condition id : UX DEVICE CLASS RTOS Condition cause : null
2023-11-29 23:47:19,478 [WARN] ConditionMgr:1039 - genDependencies : Invalid condition id : UX DEVICE CLASS RTOS Condition cause : null
2023-11-29 23:47:19,478 [WARN] ConditionMgr:1039 - genDependencies : Invalid condition id : UX DEVICE CLASS RTOS Condition cause : null
2023-11-29 23:47:19,478 [WARN] ConditionMgr:1039 - genDependencies : Invalid condition id : UX DEVICE CLASS RTOS Condition cause : null
2023-11-29 23:47:19,487 [WARN] PackLoader:240 - Cannot read IP mode file for STMicroelectronics.X-CUBE-NFC7.1.0.1
2023-11-29 23:47:19,496 [WARN] PackLoader:240 - Cannot read IP mode file for STMicroelectronics.X-CUBE-NFC6.3.0.0
2023-11-29 23:47:19,505 [WARN] PackLoader:240 - Cannot read IP mode file for STMicroelectronics.X-CUBE-EEPRMA1.4.1.0
2023-11-29 23:47:19,513 [WARN] PackLoader:240 - Cannot read IP mode file for STMicroelectronics.X-CUBE-AI.8.1.0
2023-11-29 23:47:19,529 [WARN] ConditionMgr:438 - getConditionDescription Invalid condition id : LAN8742 Phy interface Condition cause : null
2023-11-29 23:47:19,529 [WARN] PackLoader:240 - Cannot read IP mode file for STMicroelectronics.X-CUBE-AZRTOS-L4.2.0.0
2023-11-29 23:47:19,531 [WARN] ConditionMgr:1039 - genDependencies : Invalid condition id : LAN8742 Phy interface Condition cause : null
2023-11-29 23:47:19,531 [WARN] ConditionMgr:1039 - genDependencies : Invalid condition id : LAN8742 Phy interface Condition cause : null
2023-11-29 23:47:19,532 [WARN] ConditionMgr:1039 - genDependencies : Invalid condition id : LAN8742 Phy interface Condition cause : null
2023-11-29 23:47:19,541 [WARN] PackLoader:240 - Cannot read IP mode file for STMicroelectronics.X-CUBE-SFXS2LP1.4.0.0
2023-11-29 23:47:19,548 [WARN] PackLoader:240 - Cannot read IP mode file for STMicroelectronics.X-CUBE-ISPU.1.1.0
2023-11-29 23:47:19,562 [WARN] ConditionMgr:438 - getConditionDescription Invalid condition id : UX DEVICE CLASS RTOS Condition cause : null
2023-11-29 23:47:19,562 [WARN] ConditionMgr:438 - getConditionDescription Invalid condition id : UX DEVICE CLASS RTOS Condition cause : null
2023-11-29 23:47:19,564 [WARN] PackLoader:240 - Cannot read IP mode file for STMicroelectronics.X-CUBE-AZRTOS-WB.2.0.0
2023-11-29 23:47:19,565 [WARN] ConditionMgr:1039 - genDependencies : Invalid condition id : UX DEVICE CLASS RTOS Condition cause : null
2023-11-29 23:47:19,565 [WARN] ConditionMgr:1039 - genDependencies : Invalid condition id : UX DEVICE CLASS RTOS Condition cause : null
2023-11-29 23:47:19,566 [WARN] ConditionMgr:1039 - genDependencies : Invalid condition id : UX DEVICE CLASS RTOS Condition cause : null
2023-11-29 23:47:19,566 [WARN] ConditionMgr:1039 - genDependencies : Invalid condition id : UX DEVICE CLASS RTOS Condition cause : null
2023-11-29 23:47:19,566 [WARN] ConditionMgr:1039 - genDependencies : Invalid condition id : UX DEVICE CLASS RTOS Condition cause : null
2023-11-29 23:47:19,575 [WARN] PackLoader:240 - Cannot read IP mode file for STMicroelectronics.X-CUBE-SUBG2.5.0.0
2023-11-29 23:47:19,590 [WARN] PackLoader:240 - Cannot read IP mode file for STMicroelectronics.X-CUBE-TOF1.3.3.1
2023-11-29 23:47:19,609 [WARN] PackLoader:240 - Cannot read IP mode file for STMicroelectronics.X-CUBE-AZRTOS-G4.2.0.0
2023-11-29 23:47:19,624 [WARN] PackLoader:240 - Cannot read IP mode file for Infineon.AIROC-Wi-Fi-Bluetooth-STM32.1.5.1
2023-11-29 23:47:19,633 [WARN] PackLoader:240 - Cannot read IP mode file for STMicroelectronics.FP-SNS-MOTENVWB1.1.3.0
2023-11-29 23:47:19,677 [WARN] PackLoader:240 - Cannot read IP mode file for STMicroelectronics.X-CUBE-MEMS1.10.0.0
2023-11-29 23:47:19,826 [WARN] PackLoader:240 - Cannot read IP mode file for STMicroelectronics.X-CUBE-FREERTOS.1.1.0
2023-11-29 23:47:19,835 [WARN] PackLoader:240 - Cannot read IP mode file for portGmbH.I-Cube-SoM-uGOAL.1.1.0
2023-11-29 23:47:19,843 [WARN] PackLoader:240 - Cannot read IP mode file for STMicroelectronics.X-CUBE-ALS.1.0.1
2023-11-29 23:47:19,850 [WARN] PackLoader:240 - Cannot read IP mode file for STMicroelectronics.FP-ATR-ASTRA1.2.0.0
2023-11-29 23:47:19,863 [WARN] PackLoader:240 - Cannot read IP mode file for STMicroelectronics.X-CUBE-TOF1.3.4.0
2023-11-29 23:47:19,875 [INFO] ThirdParty:978 - Integrity check success = true
2023-11-29 23:47:19,876 [INFO] IntegrityCheckThread:100 - exiting critical section [integrity check]
2023-11-29 23:47:19,876 [INFO] IntegrityCheckThread:103 - End integrity checks thread
2023-11-29 23:47:40,065 [ERROR] LogOutputStream:75 - [STDERR_REDIRECT] SLF4J: Failed to load class "org.slf4j.impl.StaticLoggerBinder".
2023-11-29 23:47:40,065 [ERROR] LogOutputStream:75 - [STDERR_REDIRECT] SLF4J: Defaulting to no-operation (NOP) logger implementation
2023-11-29 23:47:40,066 [ERROR] LogOutputStream:75 - [STDERR_REDIRECT] SLF4J: See http://www.slf4j.org/codes.html#StaticLoggerBinder for further details.
